2026-05-19 09:42:52,593 - INFO - 🚀 Aplicación TECU Dashboard iniciada
2026-05-19 09:43:35,276 - INFO - 🚀 Aplicación TECU Dashboard iniciada
2026-05-19 09:43:35,278 - INFO - Iniciando procesamiento con SLA: almacén=1, principal=3, otras=5
2026-05-19 09:43:35,279 - INFO - Iniciando carga de archivo: Seguimiento gestion despachos TECU 2026 Indicadores.xlsx
2026-05-19 09:43:35,281 - ERROR - Error crítico al cargar archivo: `Import openpyxl` failed.  Use pip or conda to install the openpyxl package.
Traceback (most recent call last):
  File "/home/victor/.local/lib/python3.12/site-packages/pandas/compat/_optional.py", line 158, in import_optional_dependency
    module = importlib.import_module(name)
             ^^^^^^^^^^^^^^^^^^^^^^^^^^^^^
  File "/usr/lib/python3.12/importlib/__init__.py", line 90, in import_module
    return _bootstrap._gcd_import(name[level:], package, level)
           ^^^^^^^^^^^^^^^^^^^^^^^^^^^^^^^^^^^^^^^^^^^^^^^^^^^^
  File "<frozen importlib._bootstrap>", line 1387, in _gcd_import
  File "<frozen importlib._bootstrap>", line 1360, in _find_and_load
  File "<frozen importlib._bootstrap>", line 1324, in _find_and_load_unlocked
ModuleNotFoundError: No module named 'openpyxl'

The above exception was the direct cause of the following exception:

Traceback (most recent call last):
  File "/media/victor/WvsL/WEB/tecu_analisis/app.py", line 308, in _cargar_df_nuclear_v7
    xl = pd.ExcelFile(io.BytesIO(archivo_bytes))
         ^^^^^^^^^^^^^^^^^^^^^^^^^^^^^^^^^^^^^^^
  File "/home/victor/.local/lib/python3.12/site-packages/pandas/io/excel/_base.py", line 1621, in __init__
    self._reader = self._engines[engine](
                   ^^^^^^^^^^^^^^^^^^^^^^
  File "/home/victor/.local/lib/python3.12/site-packages/pandas/io/excel/_openpyxl.py", line 559, in __init__
    import_optional_dependency("openpyxl")
  File "/home/victor/.local/lib/python3.12/site-packages/pandas/compat/_optional.py", line 161, in import_optional_dependency
    raise ImportError(msg) from err
ImportError: `Import openpyxl` failed.  Use pip or conda to install the openpyxl package.
2026-05-19 09:43:35,292 - ERROR - Fallo en procesamiento de archivo subido
2026-05-19 09:43:41,291 - INFO - 🚀 Aplicación TECU Dashboard iniciada
2026-05-19 09:43:44,737 - INFO - 🚀 Aplicación TECU Dashboard iniciada
2026-05-19 09:43:44,739 - INFO - Iniciando procesamiento con SLA: almacén=1, principal=3, otras=5
2026-05-19 09:43:44,741 - INFO - Iniciando carga de archivo: Seguimiento gestion despachos TECU Aura.xlsx
2026-05-19 09:43:44,742 - ERROR - Error crítico al cargar archivo: `Import openpyxl` failed.  Use pip or conda to install the openpyxl package.
Traceback (most recent call last):
  File "/home/victor/.local/lib/python3.12/site-packages/pandas/compat/_optional.py", line 158, in import_optional_dependency
    module = importlib.import_module(name)
             ^^^^^^^^^^^^^^^^^^^^^^^^^^^^^
  File "/usr/lib/python3.12/importlib/__init__.py", line 90, in import_module
    return _bootstrap._gcd_import(name[level:], package, level)
           ^^^^^^^^^^^^^^^^^^^^^^^^^^^^^^^^^^^^^^^^^^^^^^^^^^^^
  File "<frozen importlib._bootstrap>", line 1387, in _gcd_import
  File "<frozen importlib._bootstrap>", line 1360, in _find_and_load
  File "<frozen importlib._bootstrap>", line 1324, in _find_and_load_unlocked
ModuleNotFoundError: No module named 'openpyxl'

The above exception was the direct cause of the following exception:

Traceback (most recent call last):
  File "/media/victor/WvsL/WEB/tecu_analisis/app.py", line 308, in _cargar_df_nuclear_v7
    xl = pd.ExcelFile(io.BytesIO(archivo_bytes))
         ^^^^^^^^^^^^^^^^^^^^^^^^^^^^^^^^^^^^^^^
  File "/home/victor/.local/lib/python3.12/site-packages/pandas/io/excel/_base.py", line 1621, in __init__
    self._reader = self._engines[engine](
                   ^^^^^^^^^^^^^^^^^^^^^^
  File "/home/victor/.local/lib/python3.12/site-packages/pandas/io/excel/_openpyxl.py", line 559, in __init__
    import_optional_dependency("openpyxl")
  File "/home/victor/.local/lib/python3.12/site-packages/pandas/compat/_optional.py", line 161, in import_optional_dependency
    raise ImportError(msg) from err
ImportError: `Import openpyxl` failed.  Use pip or conda to install the openpyxl package.
2026-05-19 09:43:44,743 - ERROR - Fallo en procesamiento de archivo subido
2026-05-19 09:51:59,693 - INFO - 🚀 Aplicación TECU Dashboard iniciada
2026-05-19 09:52:03,869 - INFO - 🚀 Aplicación TECU Dashboard iniciada
2026-05-19 09:52:03,871 - INFO - Iniciando procesamiento con SLA: almacén=1, principal=3, otras=5
2026-05-19 09:52:03,872 - INFO - Iniciando carga de archivo: Seguimiento gestion despachos TECU 2026 Indicadores.xlsx
2026-05-19 09:52:04,071 - INFO - Hoja detectada: Base Ventas
2026-05-19 09:52:04,118 - INFO - Fila de encabezado detectada: 3
2026-05-19 09:52:04,186 - INFO - DataFrame cargado: 186 filas, 26 columnas
2026-05-19 09:52:04,213 - INFO - Procesamiento completado: 166 registros válidos
2026-05-19 09:52:04,223 - INFO - Filtros aplicados: 154 registros de 166 totales
2026-05-19 09:52:04,315 - ERROR - Error generando reporte avanzado: "Label(s) ['No orden'] do not exist"
Traceback (most recent call last):
  File "/media/victor/WvsL/WEB/tecu_analisis/app.py", line 1411, in main
    mega_buf = generate_report_advanced(df_filtrado, ind_filtrado, ind_global, processor)
               ^^^^^^^^^^^^^^^^^^^^^^^^^^^^^^^^^^^^^^^^^^^^^^^^^^^^^^^^^^^^^^^^^^^^^^^^^^
  File "/media/victor/WvsL/WEB/tecu_analisis/app.py", line 1291, in generate_report_advanced
    cat_analysis = df_filtrado.groupby('Categoria').agg({
                   ^^^^^^^^^^^^^^^^^^^^^^^^^^^^^^^^^^^^^^
  File "/home/victor/.local/lib/python3.12/site-packages/pandas/core/groupby/generic.py", line 2291, in aggregate
    result = op.agg()
             ^^^^^^^^
  File "/home/victor/.local/lib/python3.12/site-packages/pandas/core/apply.py", line 294, in agg
    return self.agg_dict_like()
           ^^^^^^^^^^^^^^^^^^^^
  File "/home/victor/.local/lib/python3.12/site-packages/pandas/core/apply.py", line 511, in agg_dict_like
    return self.agg_or_apply_dict_like(op_name="agg")
           ^^^^^^^^^^^^^^^^^^^^^^^^^^^^^^^^^^^^^^^^^^
  File "/home/victor/.local/lib/python3.12/site-packages/pandas/core/apply.py", line 1677, in agg_or_apply_dict_like
    result_index, result_data = self.compute_dict_like(
                                ^^^^^^^^^^^^^^^^^^^^^^^
  File "/home/victor/.local/lib/python3.12/site-packages/pandas/core/apply.py", line 550, in compute_dict_like
    func = self.normalize_dictlike_arg(op_name, selected_obj, func)
           ^^^^^^^^^^^^^^^^^^^^^^^^^^^^^^^^^^^^^^^^^^^^^^^^^^^^^^^^
  File "/home/victor/.local/lib/python3.12/site-packages/pandas/core/apply.py", line 762, in normalize_dictlike_arg
    raise KeyError(f"Label(s) {list(cols)} do not exist")
KeyError: "Label(s) ['No orden'] do not exist"
