2026-04-05 17:12:41,886 - INFO - 🚀 Aplicación TECU Dashboard iniciada
2026-04-05 17:13:35,659 - INFO - 🚀 Aplicación TECU Dashboard iniciada
2026-04-05 17:13:35,662 - INFO - Iniciando procesamiento con SLA: almacén=1, principal=3, otras=5
2026-04-05 17:13:35,663 - INFO - Iniciando carga de archivo: Seguimiento gestion despachos TECU 2026 Indicadores.xlsx
2026-04-05 17:13:36,236 - INFO - Hoja detectada: Base Ventas
2026-04-05 17:13:36,290 - INFO - Fila de encabezado detectada: 3
2026-04-05 17:13:36,379 - INFO - DataFrame cargado: 186 filas, 26 columnas
2026-04-05 17:13:36,400 - INFO - Procesamiento completado: 166 registros válidos
2026-04-05 17:13:36,408 - INFO - Filtros aplicados: 166 registros de 166 totales
2026-04-05 17:13:36,566 - ERROR - Error generando reporte avanzado: "Column(s) ['No orden'] do not exist"
Traceback (most recent call last):
  File "G:\WEB\tecu_analisis\app.py", line 1411, in main
    mega_buf = generate_report_advanced(df_filtrado, ind_filtrado, ind_global, processor)
               ^^^^^^^^^^^^^^^^^^^^^^^^^^^^^^^^^^^^^^^^^^^^^^^^^^^^^^^^^^^^^^^^^^^^^^^^^^
  File "G:\WEB\tecu_analisis\app.py", line 1291, in generate_report_advanced
    cat_analysis = df_filtrado.groupby('Categoria').agg({
                   ^^^^^^^^^^^^^^^^^^^^^^^^^^^^^^^^^^^^^^
  File "C:\Python312\Lib\site-packages\pandas\core\groupby\generic.py", line 1432, in aggregate
    result = op.agg()
             ^^^^^^^^
  File "C:\Python312\Lib\site-packages\pandas\core\apply.py", line 190, in agg
    return self.agg_dict_like()
           ^^^^^^^^^^^^^^^^^^^^
  File "C:\Python312\Lib\site-packages\pandas\core\apply.py", line 423, in agg_dict_like
    return self.agg_or_apply_dict_like(op_name="agg")
           ^^^^^^^^^^^^^^^^^^^^^^^^^^^^^^^^^^^^^^^^^^
  File "C:\Python312\Lib\site-packages\pandas\core\apply.py", line 1608, in agg_or_apply_dict_like
    result_index, result_data = self.compute_dict_like(
                                ^^^^^^^^^^^^^^^^^^^^^^^
  File "C:\Python312\Lib\site-packages\pandas\core\apply.py", line 462, in compute_dict_like
    func = self.normalize_dictlike_arg(op_name, selected_obj, func)
           ^^^^^^^^^^^^^^^^^^^^^^^^^^^^^^^^^^^^^^^^^^^^^^^^^^^^^^^^
  File "C:\Python312\Lib\site-packages\pandas\core\apply.py", line 663, in normalize_dictlike_arg
    raise KeyError(f"Column(s) {list(cols)} do not exist")
KeyError: "Column(s) ['No orden'] do not exist"
2026-04-05 17:36:53,921 - INFO - 🚀 Aplicación TECU Dashboard iniciada
2026-04-05 17:36:58,538 - INFO - 🚀 Aplicación TECU Dashboard iniciada
2026-04-05 17:36:58,541 - INFO - Iniciando procesamiento con SLA: almacén=1, principal=3, otras=5
2026-04-05 17:36:58,542 - INFO - Iniciando carga de archivo: Seguimiento gestion despachos TECU 2026 Indicadores.xlsx
2026-04-05 17:36:58,689 - INFO - Hoja detectada: Base Ventas
2026-04-05 17:36:58,741 - INFO - Fila de encabezado detectada: 3
2026-04-05 17:36:58,826 - INFO - DataFrame cargado: 186 filas, 26 columnas
2026-04-05 17:36:58,845 - INFO - Procesamiento completado: 166 registros válidos
2026-04-05 17:36:58,853 - INFO - Filtros aplicados: 166 registros de 166 totales
2026-04-05 17:36:58,994 - ERROR - Error generando reporte avanzado: "Column(s) ['No orden'] do not exist"
Traceback (most recent call last):
  File "G:\WEB\tecu_analisis\app.py", line 1411, in main
    mega_buf = generate_report_advanced(df_filtrado, ind_filtrado, ind_global, processor)
               ^^^^^^^^^^^^^^^^^^^^^^^^^^^^^^^^^^^^^^^^^^^^^^^^^^^^^^^^^^^^^^^^^^^^^^^^^^
  File "G:\WEB\tecu_analisis\app.py", line 1291, in generate_report_advanced
    cat_analysis = df_filtrado.groupby('Categoria').agg({
                   ^^^^^^^^^^^^^^^^^^^^^^^^^^^^^^^^^^^^^^
  File "C:\Python312\Lib\site-packages\pandas\core\groupby\generic.py", line 1432, in aggregate
    result = op.agg()
             ^^^^^^^^
  File "C:\Python312\Lib\site-packages\pandas\core\apply.py", line 190, in agg
    return self.agg_dict_like()
           ^^^^^^^^^^^^^^^^^^^^
  File "C:\Python312\Lib\site-packages\pandas\core\apply.py", line 423, in agg_dict_like
    return self.agg_or_apply_dict_like(op_name="agg")
           ^^^^^^^^^^^^^^^^^^^^^^^^^^^^^^^^^^^^^^^^^^
  File "C:\Python312\Lib\site-packages\pandas\core\apply.py", line 1608, in agg_or_apply_dict_like
    result_index, result_data = self.compute_dict_like(
                                ^^^^^^^^^^^^^^^^^^^^^^^
  File "C:\Python312\Lib\site-packages\pandas\core\apply.py", line 462, in compute_dict_like
    func = self.normalize_dictlike_arg(op_name, selected_obj, func)
           ^^^^^^^^^^^^^^^^^^^^^^^^^^^^^^^^^^^^^^^^^^^^^^^^^^^^^^^^
  File "C:\Python312\Lib\site-packages\pandas\core\apply.py", line 663, in normalize_dictlike_arg
    raise KeyError(f"Column(s) {list(cols)} do not exist")
KeyError: "Column(s) ['No orden'] do not exist"
2026-04-05 17:37:04,200 - INFO - 🚀 Aplicación TECU Dashboard iniciada
2026-04-05 17:37:04,205 - INFO - Iniciando procesamiento con SLA: almacén=1, principal=3, otras=5
2026-04-05 17:37:04,217 - INFO - Filtros aplicados: 166 registros de 166 totales
2026-04-05 17:37:04,315 - ERROR - Error generando reporte avanzado: "Column(s) ['No orden'] do not exist"
Traceback (most recent call last):
  File "G:\WEB\tecu_analisis\app.py", line 1411, in main
    mega_buf = generate_report_advanced(df_filtrado, ind_filtrado, ind_global, processor)
               ^^^^^^^^^^^^^^^^^^^^^^^^^^^^^^^^^^^^^^^^^^^^^^^^^^^^^^^^^^^^^^^^^^^^^^^^^^
  File "G:\WEB\tecu_analisis\app.py", line 1291, in generate_report_advanced
    cat_analysis = df_filtrado.groupby('Categoria').agg({
                   ^^^^^^^^^^^^^^^^^^^^^^^^^^^^^^^^^^^^^^
  File "C:\Python312\Lib\site-packages\pandas\core\groupby\generic.py", line 1432, in aggregate
    result = op.agg()
             ^^^^^^^^
  File "C:\Python312\Lib\site-packages\pandas\core\apply.py", line 190, in agg
    return self.agg_dict_like()
           ^^^^^^^^^^^^^^^^^^^^
  File "C:\Python312\Lib\site-packages\pandas\core\apply.py", line 423, in agg_dict_like
    return self.agg_or_apply_dict_like(op_name="agg")
           ^^^^^^^^^^^^^^^^^^^^^^^^^^^^^^^^^^^^^^^^^^
  File "C:\Python312\Lib\site-packages\pandas\core\apply.py", line 1608, in agg_or_apply_dict_like
    result_index, result_data = self.compute_dict_like(
                                ^^^^^^^^^^^^^^^^^^^^^^^
  File "C:\Python312\Lib\site-packages\pandas\core\apply.py", line 462, in compute_dict_like
    func = self.normalize_dictlike_arg(op_name, selected_obj, func)
           ^^^^^^^^^^^^^^^^^^^^^^^^^^^^^^^^^^^^^^^^^^^^^^^^^^^^^^^^
  File "C:\Python312\Lib\site-packages\pandas\core\apply.py", line 663, in normalize_dictlike_arg
    raise KeyError(f"Column(s) {list(cols)} do not exist")
KeyError: "Column(s) ['No orden'] do not exist"
2026-04-05 17:37:06,256 - INFO - 🚀 Aplicación TECU Dashboard iniciada
2026-04-05 17:37:06,260 - INFO - Iniciando procesamiento con SLA: almacén=1, principal=3, otras=5
2026-04-05 17:37:06,268 - INFO - Filtros aplicados: 53 registros de 166 totales
2026-04-05 17:37:06,312 - ERROR - Error generando reporte avanzado: "Column(s) ['No orden'] do not exist"
Traceback (most recent call last):
  File "G:\WEB\tecu_analisis\app.py", line 1411, in main
    mega_buf = generate_report_advanced(df_filtrado, ind_filtrado, ind_global, processor)
               ^^^^^^^^^^^^^^^^^^^^^^^^^^^^^^^^^^^^^^^^^^^^^^^^^^^^^^^^^^^^^^^^^^^^^^^^^^
  File "G:\WEB\tecu_analisis\app.py", line 1291, in generate_report_advanced
    cat_analysis = df_filtrado.groupby('Categoria').agg({
                   ^^^^^^^^^^^^^^^^^^^^^^^^^^^^^^^^^^^^^^
  File "C:\Python312\Lib\site-packages\pandas\core\groupby\generic.py", line 1432, in aggregate
    result = op.agg()
             ^^^^^^^^
  File "C:\Python312\Lib\site-packages\pandas\core\apply.py", line 190, in agg
    return self.agg_dict_like()
           ^^^^^^^^^^^^^^^^^^^^
  File "C:\Python312\Lib\site-packages\pandas\core\apply.py", line 423, in agg_dict_like
    return self.agg_or_apply_dict_like(op_name="agg")
           ^^^^^^^^^^^^^^^^^^^^^^^^^^^^^^^^^^^^^^^^^^
  File "C:\Python312\Lib\site-packages\pandas\core\apply.py", line 1608, in agg_or_apply_dict_like
    result_index, result_data = self.compute_dict_like(
                                ^^^^^^^^^^^^^^^^^^^^^^^
  File "C:\Python312\Lib\site-packages\pandas\core\apply.py", line 462, in compute_dict_like
    func = self.normalize_dictlike_arg(op_name, selected_obj, func)
           ^^^^^^^^^^^^^^^^^^^^^^^^^^^^^^^^^^^^^^^^^^^^^^^^^^^^^^^^
  File "C:\Python312\Lib\site-packages\pandas\core\apply.py", line 663, in normalize_dictlike_arg
    raise KeyError(f"Column(s) {list(cols)} do not exist")
KeyError: "Column(s) ['No orden'] do not exist"
2026-04-05 17:37:37,064 - INFO - 🚀 Aplicación TECU Dashboard iniciada
2026-04-05 17:37:37,067 - INFO - Iniciando procesamiento con SLA: almacén=1, principal=3, otras=5
2026-04-05 17:37:37,075 - INFO - Filtros aplicados: 53 registros de 166 totales
2026-04-05 17:37:37,122 - ERROR - Error generando reporte avanzado: "Column(s) ['No orden'] do not exist"
Traceback (most recent call last):
  File "G:\WEB\tecu_analisis\app.py", line 1411, in main
    mega_buf = generate_report_advanced(df_filtrado, ind_filtrado, ind_global, processor)
               ^^^^^^^^^^^^^^^^^^^^^^^^^^^^^^^^^^^^^^^^^^^^^^^^^^^^^^^^^^^^^^^^^^^^^^^^^^
  File "G:\WEB\tecu_analisis\app.py", line 1291, in generate_report_advanced
    cat_analysis = df_filtrado.groupby('Categoria').agg({
                   ^^^^^^^^^^^^^^^^^^^^^^^^^^^^^^^^^^^^^^
  File "C:\Python312\Lib\site-packages\pandas\core\groupby\generic.py", line 1432, in aggregate
    result = op.agg()
             ^^^^^^^^
  File "C:\Python312\Lib\site-packages\pandas\core\apply.py", line 190, in agg
    return self.agg_dict_like()
           ^^^^^^^^^^^^^^^^^^^^
  File "C:\Python312\Lib\site-packages\pandas\core\apply.py", line 423, in agg_dict_like
    return self.agg_or_apply_dict_like(op_name="agg")
           ^^^^^^^^^^^^^^^^^^^^^^^^^^^^^^^^^^^^^^^^^^
  File "C:\Python312\Lib\site-packages\pandas\core\apply.py", line 1608, in agg_or_apply_dict_like
    result_index, result_data = self.compute_dict_like(
                                ^^^^^^^^^^^^^^^^^^^^^^^
  File "C:\Python312\Lib\site-packages\pandas\core\apply.py", line 462, in compute_dict_like
    func = self.normalize_dictlike_arg(op_name, selected_obj, func)
           ^^^^^^^^^^^^^^^^^^^^^^^^^^^^^^^^^^^^^^^^^^^^^^^^^^^^^^^^
  File "C:\Python312\Lib\site-packages\pandas\core\apply.py", line 663, in normalize_dictlike_arg
    raise KeyError(f"Column(s) {list(cols)} do not exist")
KeyError: "Column(s) ['No orden'] do not exist"
